#! /usr/local/bin/vvp
:ivl_version "12.0 (devel)" "(s20150603-1536-ge5abd4bf8)";
:ivl_delay_selection "TYPICAL";
:vpi_time_precision - 12;
:vpi_module "/usr/local/lib/ivl/system.vpi";
:vpi_module "/usr/local/lib/ivl/vhdl_sys.vpi";
:vpi_module "/usr/local/lib/ivl/vhdl_textio.vpi";
:vpi_module "/usr/local/lib/ivl/v2005_math.vpi";
:vpi_module "/usr/local/lib/ivl/va_math.vpi";
S_0x55f44addb570 .scope module, "Hatb" "Hatb" 2 3;
 .timescale -9 -12;
v0x55f44adee8d0_0 .var "atb", 0 0;
v0x55f44adee990_0 .var "btb", 0 0;
v0x55f44adeea60_0 .net "ctb", 0 0, L_0x55f44adeed90;  1 drivers
v0x55f44adeeb60_0 .net "stb", 0 0, L_0x55f44adeec30;  1 drivers
S_0x55f44addb700 .scope module, "DUT" "Ha" 2 6, 3 1 0, S_0x55f44addb570;
 .timescale 0 0;
    .port_info 0 /INPUT 1 "a";
    .port_info 1 /INPUT 1 "b";
    .port_info 2 /OUTPUT 1 "sum";
    .port_info 3 /OUTPUT 1 "carry";
L_0x55f44adeec30 .functor XOR 1, v0x55f44adee8d0_0, v0x55f44adee990_0, C4<0>, C4<0>;
L_0x55f44adeed90 .functor AND 1, v0x55f44adee8d0_0, v0x55f44adee990_0, C4<1>, C4<1>;
v0x55f44ada2d30_0 .net "a", 0 0, v0x55f44adee8d0_0;  1 drivers
v0x55f44adee630_0 .net "b", 0 0, v0x55f44adee990_0;  1 drivers
v0x55f44adee6f0_0 .net "carry", 0 0, L_0x55f44adeed90;  alias, 1 drivers
v0x55f44adee790_0 .net "sum", 0 0, L_0x55f44adeec30;  alias, 1 drivers
    .scope S_0x55f44addb570;
T_0 ;
    %vpi_call 2 14 "$monitor", $time, "atb=%b,btb=%b,stb=%b,ctb=%b", v0x55f44adee8d0_0, v0x55f44adee990_0, v0x55f44adeeb60_0, v0x55f44adeea60_0 {0 0 0};
    %vpi_call 2 15 "$dumpfile", "Ha.vcd" {0 0 0};
    %vpi_call 2 16 "$dumpvars", 32'sb00000000000000000000000000000000, S_0x55f44addb570 {0 0 0};
    %pushi/vec4 0, 0, 1;
    %store/vec4 v0x55f44adee8d0_0, 0, 1;
    %pushi/vec4 0, 0, 1;
    %store/vec4 v0x55f44adee990_0, 0, 1;
    %delay 10000, 0;
    %pushi/vec4 0, 0, 1;
    %store/vec4 v0x55f44adee8d0_0, 0, 1;
    %pushi/vec4 1, 0, 1;
    %store/vec4 v0x55f44adee990_0, 0, 1;
    %delay 10000, 0;
    %pushi/vec4 1, 0, 1;
    %store/vec4 v0x55f44adee8d0_0, 0, 1;
    %pushi/vec4 0, 0, 1;
    %store/vec4 v0x55f44adee990_0, 0, 1;
    %delay 10000, 0;
    %pushi/vec4 1, 0, 1;
    %store/vec4 v0x55f44adee8d0_0, 0, 1;
    %pushi/vec4 1, 0, 1;
    %store/vec4 v0x55f44adee990_0, 0, 1;
    %delay 10000, 0;
    %delay 10000, 0;
    %vpi_call 2 22 "$finish" {0 0 0};
    %end;
    .thread T_0;
# The file index is used to find the file name in the following table.
:file_names 4;
    "N/A";
    "<interactive>";
    "Hatb.v";
    "./Ha.v";
